CRITICAL - 2022-03-01 06:00:45 --> Attempt to read property "id" on null
#0 C:\xampp\htdocs\sgp\main\vendor\myth\auth\src\Models\UserModel.php(87): CodeIgniter\Debug\Exceptions->errorHandler(2, 'Attempt to read...', 'C:\\xampp\\htdocs...', 87)
#1 C:\xampp\htdocs\sgp\main\app\Controllers\AuthController.php(164): Myth\Auth\Models\UserModel->withGroup('guests')
#2 C:\xampp\htdocs\sgp\main\vendor\codeigniter4\framework\system\CodeIgniter.php(832): App\Controllers\AuthController->attemptRegister()
#3 C:\xampp\htdocs\sgp\main\vendor\codeigniter4\framework\system\CodeIgniter.php(419): CodeIgniter\CodeIgniter->runController(Object(App\Controllers\AuthController))
#4 C:\xampp\htdocs\sgp\main\vendor\codeigniter4\framework\system\CodeIgniter.php(326): CodeIgniter\CodeIgniter->handleRequest(NULL, Object(Config\Cache), false)
#5 C:\xampp\htdocs\sgp\public\index.php(37): CodeIgniter\CodeIgniter->run()
#6 {main}
CRITICAL - 2022-03-01 06:09:39 --> Attempt to read property "id" on null
#0 C:\xampp\htdocs\sgp\main\vendor\myth\auth\src\Models\UserModel.php(87): CodeIgniter\Debug\Exceptions->errorHandler(2, 'Attempt to read...', 'C:\\xampp\\htdocs...', 87)
#1 C:\xampp\htdocs\sgp\main\app\Controllers\AuthController.php(164): Myth\Auth\Models\UserModel->withGroup('guests')
#2 C:\xampp\htdocs\sgp\main\vendor\codeigniter4\framework\system\CodeIgniter.php(832): App\Controllers\AuthController->attemptRegister()
#3 C:\xampp\htdocs\sgp\main\vendor\codeigniter4\framework\system\CodeIgniter.php(419): CodeIgniter\CodeIgniter->runController(Object(App\Controllers\AuthController))
#4 C:\xampp\htdocs\sgp\main\vendor\codeigniter4\framework\system\CodeIgniter.php(326): CodeIgniter\CodeIgniter->handleRequest(NULL, Object(Config\Cache), false)
#5 C:\xampp\htdocs\sgp\public\index.php(37): CodeIgniter\CodeIgniter->run()
#6 {main}
CRITICAL - 2022-03-01 06:17:25 --> Attempt to read property "id" on null
#0 C:\xampp\htdocs\sgp\main\vendor\myth\auth\src\Models\UserModel.php(87): CodeIgniter\Debug\Exceptions->errorHandler(2, 'Attempt to read...', 'C:\\xampp\\htdocs...', 87)
#1 C:\xampp\htdocs\sgp\main\app\Controllers\AuthController.php(164): Myth\Auth\Models\UserModel->withGroup('guests')
#2 C:\xampp\htdocs\sgp\main\vendor\codeigniter4\framework\system\CodeIgniter.php(832): App\Controllers\AuthController->attemptRegister()
#3 C:\xampp\htdocs\sgp\main\vendor\codeigniter4\framework\system\CodeIgniter.php(419): CodeIgniter\CodeIgniter->runController(Object(App\Controllers\AuthController))
#4 C:\xampp\htdocs\sgp\main\vendor\codeigniter4\framework\system\CodeIgniter.php(326): CodeIgniter\CodeIgniter->handleRequest(NULL, Object(Config\Cache), false)
#5 C:\xampp\htdocs\sgp\public\index.php(37): CodeIgniter\CodeIgniter->run()
#6 {main}
CRITICAL - 2022-03-01 06:29:38 --> Attempt to read property "allowRegistration" on null
#0 C:\xampp\htdocs\sgp\main\app\Controllers\AuthController.php(141): CodeIgniter\Debug\Exceptions->errorHandler(2, 'Attempt to read...', 'C:\\xampp\\htdocs...', 141)
#1 C:\xampp\htdocs\sgp\main\vendor\codeigniter4\framework\system\CodeIgniter.php(832): App\Controllers\AuthController->attemptRegister()
#2 C:\xampp\htdocs\sgp\main\vendor\codeigniter4\framework\system\CodeIgniter.php(419): CodeIgniter\CodeIgniter->runController(Object(App\Controllers\AuthController))
#3 C:\xampp\htdocs\sgp\main\vendor\codeigniter4\framework\system\CodeIgniter.php(326): CodeIgniter\CodeIgniter->handleRequest(NULL, Object(Config\Cache), false)
#4 C:\xampp\htdocs\sgp\public\index.php(37): CodeIgniter\CodeIgniter->run()
#5 {main}
CRITICAL - 2022-03-01 06:32:01 --> Attempt to read property "allowRegistration" on null
#0 C:\xampp\htdocs\sgp\main\app\Controllers\AuthController.php(127): CodeIgniter\Debug\Exceptions->errorHandler(2, 'Attempt to read...', 'C:\\xampp\\htdocs...', 127)
#1 C:\xampp\htdocs\sgp\main\vendor\codeigniter4\framework\system\CodeIgniter.php(832): App\Controllers\AuthController->register()
#2 C:\xampp\htdocs\sgp\main\vendor\codeigniter4\framework\system\CodeIgniter.php(419): CodeIgniter\CodeIgniter->runController(Object(App\Controllers\AuthController))
#3 C:\xampp\htdocs\sgp\main\vendor\codeigniter4\framework\system\CodeIgniter.php(326): CodeIgniter\CodeIgniter->handleRequest(NULL, Object(Config\Cache), false)
#4 C:\xampp\htdocs\sgp\public\index.php(37): CodeIgniter\CodeIgniter->run()
#5 {main}
CRITICAL - 2022-03-01 06:32:03 --> Attempt to read property "views" on null
#0 C:\xampp\htdocs\sgp\main\app\Controllers\AuthController.php(57): CodeIgniter\Debug\Exceptions->errorHandler(2, 'Attempt to read...', 'C:\\xampp\\htdocs...', 57)
#1 C:\xampp\htdocs\sgp\main\vendor\codeigniter4\framework\system\CodeIgniter.php(832): App\Controllers\AuthController->login()
#2 C:\xampp\htdocs\sgp\main\vendor\codeigniter4\framework\system\CodeIgniter.php(419): CodeIgniter\CodeIgniter->runController(Object(App\Controllers\AuthController))
#3 C:\xampp\htdocs\sgp\main\vendor\codeigniter4\framework\system\CodeIgniter.php(326): CodeIgniter\CodeIgniter->handleRequest(NULL, Object(Config\Cache), false)
#4 C:\xampp\htdocs\sgp\public\index.php(37): CodeIgniter\CodeIgniter->run()
#5 {main}
CRITICAL - 2022-03-01 06:32:06 --> Attempt to read property "views" on null
#0 C:\xampp\htdocs\sgp\main\app\Controllers\AuthController.php(57): CodeIgniter\Debug\Exceptions->errorHandler(2, 'Attempt to read...', 'C:\\xampp\\htdocs...', 57)
#1 C:\xampp\htdocs\sgp\main\vendor\codeigniter4\framework\system\CodeIgniter.php(832): App\Controllers\AuthController->login()
#2 C:\xampp\htdocs\sgp\main\vendor\codeigniter4\framework\system\CodeIgniter.php(419): CodeIgniter\CodeIgniter->runController(Object(App\Controllers\AuthController))
#3 C:\xampp\htdocs\sgp\main\vendor\codeigniter4\framework\system\CodeIgniter.php(326): CodeIgniter\CodeIgniter->handleRequest(NULL, Object(Config\Cache), false)
#4 C:\xampp\htdocs\sgp\public\index.php(37): CodeIgniter\CodeIgniter->run()
#5 {main}
CRITICAL - 2022-03-01 06:32:15 --> Attempt to read property "views" on null
#0 C:\xampp\htdocs\sgp\main\app\Controllers\AuthController.php(57): CodeIgniter\Debug\Exceptions->errorHandler(2, 'Attempt to read...', 'C:\\xampp\\htdocs...', 57)
#1 C:\xampp\htdocs\sgp\main\vendor\codeigniter4\framework\system\CodeIgniter.php(832): App\Controllers\AuthController->login()
#2 C:\xampp\htdocs\sgp\main\vendor\codeigniter4\framework\system\CodeIgniter.php(419): CodeIgniter\CodeIgniter->runController(Object(App\Controllers\AuthController))
#3 C:\xampp\htdocs\sgp\main\vendor\codeigniter4\framework\system\CodeIgniter.php(326): CodeIgniter\CodeIgniter->handleRequest(NULL, Object(Config\Cache), false)
#4 C:\xampp\htdocs\sgp\public\index.php(37): CodeIgniter\CodeIgniter->run()
#5 {main}
CRITICAL - 2022-03-01 06:35:10 --> Attempt to read property "id" on null
#0 C:\xampp\htdocs\sgp\main\vendor\myth\auth\src\Models\UserModel.php(87): CodeIgniter\Debug\Exceptions->errorHandler(2, 'Attempt to read...', 'C:\\xampp\\htdocs...', 87)
#1 C:\xampp\htdocs\sgp\main\app\Controllers\AuthController.php(164): Myth\Auth\Models\UserModel->withGroup('guests')
#2 C:\xampp\htdocs\sgp\main\vendor\codeigniter4\framework\system\CodeIgniter.php(832): App\Controllers\AuthController->attemptRegister()
#3 C:\xampp\htdocs\sgp\main\vendor\codeigniter4\framework\system\CodeIgniter.php(419): CodeIgniter\CodeIgniter->runController(Object(App\Controllers\AuthController))
#4 C:\xampp\htdocs\sgp\main\vendor\codeigniter4\framework\system\CodeIgniter.php(326): CodeIgniter\CodeIgniter->handleRequest(NULL, Object(Config\Cache), false)
#5 C:\xampp\htdocs\sgp\public\index.php(37): CodeIgniter\CodeIgniter->run()
#6 {main}
CRITICAL - 2022-03-01 06:35:41 --> Attempt to read property "id" on null
#0 C:\xampp\htdocs\sgp\main\vendor\myth\auth\src\Models\UserModel.php(87): CodeIgniter\Debug\Exceptions->errorHandler(2, 'Attempt to read...', 'C:\\xampp\\htdocs...', 87)
#1 C:\xampp\htdocs\sgp\main\app\Controllers\AuthController.php(164): Myth\Auth\Models\UserModel->withGroup('guests')
#2 C:\xampp\htdocs\sgp\main\vendor\codeigniter4\framework\system\CodeIgniter.php(832): App\Controllers\AuthController->attemptRegister()
#3 C:\xampp\htdocs\sgp\main\vendor\codeigniter4\framework\system\CodeIgniter.php(419): CodeIgniter\CodeIgniter->runController(Object(App\Controllers\AuthController))
#4 C:\xampp\htdocs\sgp\main\vendor\codeigniter4\framework\system\CodeIgniter.php(326): CodeIgniter\CodeIgniter->handleRequest(NULL, Object(Config\Cache), false)
#5 C:\xampp\htdocs\sgp\public\index.php(37): CodeIgniter\CodeIgniter->run()
#6 {main}
CRITICAL - 2022-03-01 06:35:57 --> Attempt to read property "id" on null
#0 C:\xampp\htdocs\sgp\main\vendor\myth\auth\src\Models\UserModel.php(87): CodeIgniter\Debug\Exceptions->errorHandler(2, 'Attempt to read...', 'C:\\xampp\\htdocs...', 87)
#1 C:\xampp\htdocs\sgp\main\app\Controllers\AuthController.php(164): Myth\Auth\Models\UserModel->withGroup('guests')
#2 C:\xampp\htdocs\sgp\main\vendor\codeigniter4\framework\system\CodeIgniter.php(832): App\Controllers\AuthController->attemptRegister()
#3 C:\xampp\htdocs\sgp\main\vendor\codeigniter4\framework\system\CodeIgniter.php(419): CodeIgniter\CodeIgniter->runController(Object(App\Controllers\AuthController))
#4 C:\xampp\htdocs\sgp\main\vendor\codeigniter4\framework\system\CodeIgniter.php(326): CodeIgniter\CodeIgniter->handleRequest(NULL, Object(Config\Cache), false)
#5 C:\xampp\htdocs\sgp\public\index.php(37): CodeIgniter\CodeIgniter->run()
#6 {main}
CRITICAL - 2022-03-01 06:38:42 --> Attempt to read property "id" on null
#0 C:\xampp\htdocs\sgp\main\vendor\myth\auth\src\Models\UserModel.php(87): CodeIgniter\Debug\Exceptions->errorHandler(2, 'Attempt to read...', 'C:\\xampp\\htdocs...', 87)
#1 C:\xampp\htdocs\sgp\main\app\Controllers\AuthController.php(164): Myth\Auth\Models\UserModel->withGroup('guests')
#2 C:\xampp\htdocs\sgp\main\vendor\codeigniter4\framework\system\CodeIgniter.php(832): App\Controllers\AuthController->attemptRegister()
#3 C:\xampp\htdocs\sgp\main\vendor\codeigniter4\framework\system\CodeIgniter.php(419): CodeIgniter\CodeIgniter->runController(Object(App\Controllers\AuthController))
#4 C:\xampp\htdocs\sgp\main\vendor\codeigniter4\framework\system\CodeIgniter.php(326): CodeIgniter\CodeIgniter->handleRequest(NULL, Object(Config\Cache), false)
#5 C:\xampp\htdocs\sgp\public\index.php(37): CodeIgniter\CodeIgniter->run()
#6 {main}
CRITICAL - 2022-03-01 07:30:42 --> strtolower(): Passing null to parameter #1 ($string) of type string is deprecated
#0 [internal function]: CodeIgniter\Debug\Exceptions->errorHandler(8192, 'strtolower(): P...', 'C:\\xampp\\htdocs...', 70)
#1 C:\xampp\htdocs\sgp\main\vendor\myth\auth\src\Authentication\Passwords\NothingPersonalValidator.php(70): strtolower(NULL)
#2 C:\xampp\htdocs\sgp\main\vendor\myth\auth\src\Authentication\Passwords\NothingPersonalValidator.php(39): Myth\Auth\Authentication\Passwords\NothingPersonalValidator->isNotPersonal('c0l0mb14.2022$', Object(Myth\Auth\Entities\User))
#3 C:\xampp\htdocs\sgp\main\vendor\myth\auth\src\Authentication\Passwords\PasswordValidator.php(55): Myth\Auth\Authentication\Passwords\NothingPersonalValidator->check('c0l0mb14.2022$', Object(Myth\Auth\Entities\User))
#4 C:\xampp\htdocs\sgp\main\vendor\myth\auth\src\Authentication\Passwords\ValidationRules.php(45): Myth\Auth\Authentication\Passwords\PasswordValidator->check('C0l0mb14.2022$', Object(Myth\Auth\Entities\User))
#5 C:\xampp\htdocs\sgp\main\vendor\codeigniter4\framework\system\Validation\Validation.php(291): Myth\Auth\Authentication\Passwords\ValidationRules->strong_password('C0l0mb14.2022$', NULL)
#6 C:\xampp\htdocs\sgp\main\vendor\codeigniter4\framework\system\Validation\Validation.php(157): CodeIgniter\Validation\Validation->processRules('password', 'password', 'C0l0mb14.2022$', Array, Array)
#7 C:\xampp\htdocs\sgp\main\vendor\codeigniter4\framework\system\Controller.php(160): CodeIgniter\Validation\Validation->run()
#8 C:\xampp\htdocs\sgp\main\app\Controllers\AuthController.php(299): CodeIgniter\Controller->validate(Array)
#9 C:\xampp\htdocs\sgp\main\vendor\codeigniter4\framework\system\CodeIgniter.php(832): App\Controllers\AuthController->attemptReset()
#10 C:\xampp\htdocs\sgp\main\vendor\codeigniter4\framework\system\CodeIgniter.php(419): CodeIgniter\CodeIgniter->runController(Object(App\Controllers\AuthController))
#11 C:\xampp\htdocs\sgp\main\vendor\codeigniter4\framework\system\CodeIgniter.php(326): CodeIgniter\CodeIgniter->handleRequest(NULL, Object(Config\Cache), false)
#12 C:\xampp\htdocs\sgp\public\index.php(37): CodeIgniter\CodeIgniter->run()
#13 {main}
CRITICAL - 2022-03-01 07:37:53 --> syntax error, unexpected token "="
#0 C:\xampp\htdocs\sgp\main\vendor\codeigniter4\framework\system\Autoloader\Autoloader.php(241): CodeIgniter\Autoloader\Autoloader->includeFile('C:\\xampp\\htdocs...')
#1 C:\xampp\htdocs\sgp\main\vendor\codeigniter4\framework\system\Autoloader\Autoloader.php(219): CodeIgniter\Autoloader\Autoloader->loadInNamespace('Myth\\Auth\\Authe...')
#2 C:\xampp\htdocs\sgp\main\vendor\myth\auth\src\Authentication\Passwords\PasswordValidator.php(52): CodeIgniter\Autoloader\Autoloader->loadClass('Myth\\Auth\\Authe...')
#3 C:\xampp\htdocs\sgp\main\vendor\myth\auth\src\Authentication\Passwords\ValidationRules.php(45): Myth\Auth\Authentication\Passwords\PasswordValidator->check('C0l0mb14.2022$', Object(Myth\Auth\Entities\User))
#4 C:\xampp\htdocs\sgp\main\vendor\codeigniter4\framework\system\Validation\Validation.php(291): Myth\Auth\Authentication\Passwords\ValidationRules->strong_password('C0l0mb14.2022$', NULL)
#5 C:\xampp\htdocs\sgp\main\vendor\codeigniter4\framework\system\Validation\Validation.php(157): CodeIgniter\Validation\Validation->processRules('password', 'password', 'C0l0mb14.2022$', Array, Array)
#6 C:\xampp\htdocs\sgp\main\vendor\codeigniter4\framework\system\Controller.php(160): CodeIgniter\Validation\Validation->run()
#7 C:\xampp\htdocs\sgp\main\app\Controllers\AuthController.php(299): CodeIgniter\Controller->validate(Array)
#8 C:\xampp\htdocs\sgp\main\vendor\codeigniter4\framework\system\CodeIgniter.php(832): App\Controllers\AuthController->attemptReset()
#9 C:\xampp\htdocs\sgp\main\vendor\codeigniter4\framework\system\CodeIgniter.php(419): CodeIgniter\CodeIgniter->runController(Object(App\Controllers\AuthController))
#10 C:\xampp\htdocs\sgp\main\vendor\codeigniter4\framework\system\CodeIgniter.php(326): CodeIgniter\CodeIgniter->handleRequest(NULL, Object(Config\Cache), false)
#11 C:\xampp\htdocs\sgp\public\index.php(37): CodeIgniter\CodeIgniter->run()
#12 {main}
CRITICAL - 2022-03-01 07:38:07 --> strtolower(): Passing null to parameter #1 ($string) of type string is deprecated
#0 [internal function]: CodeIgniter\Debug\Exceptions->errorHandler(8192, 'strtolower(): P...', 'C:\\xampp\\htdocs...', 70)
#1 C:\xampp\htdocs\sgp\main\vendor\myth\auth\src\Authentication\Passwords\NothingPersonalValidator.php(70): strtolower(NULL)
#2 C:\xampp\htdocs\sgp\main\vendor\myth\auth\src\Authentication\Passwords\NothingPersonalValidator.php(39): Myth\Auth\Authentication\Passwords\NothingPersonalValidator->isNotPersonal('c0l0mb14.2022$', Object(Myth\Auth\Entities\User))
#3 C:\xampp\htdocs\sgp\main\vendor\myth\auth\src\Authentication\Passwords\PasswordValidator.php(55): Myth\Auth\Authentication\Passwords\NothingPersonalValidator->check('c0l0mb14.2022$', Object(Myth\Auth\Entities\User))
#4 C:\xampp\htdocs\sgp\main\vendor\myth\auth\src\Authentication\Passwords\ValidationRules.php(45): Myth\Auth\Authentication\Passwords\PasswordValidator->check('C0l0mb14.2022$', Object(Myth\Auth\Entities\User))
#5 C:\xampp\htdocs\sgp\main\vendor\codeigniter4\framework\system\Validation\Validation.php(291): Myth\Auth\Authentication\Passwords\ValidationRules->strong_password('C0l0mb14.2022$', NULL)
#6 C:\xampp\htdocs\sgp\main\vendor\codeigniter4\framework\system\Validation\Validation.php(157): CodeIgniter\Validation\Validation->processRules('password', 'password', 'C0l0mb14.2022$', Array, Array)
#7 C:\xampp\htdocs\sgp\main\vendor\codeigniter4\framework\system\Controller.php(160): CodeIgniter\Validation\Validation->run()
#8 C:\xampp\htdocs\sgp\main\app\Controllers\AuthController.php(299): CodeIgniter\Controller->validate(Array)
#9 C:\xampp\htdocs\sgp\main\vendor\codeigniter4\framework\system\CodeIgniter.php(832): App\Controllers\AuthController->attemptReset()
#10 C:\xampp\htdocs\sgp\main\vendor\codeigniter4\framework\system\CodeIgniter.php(419): CodeIgniter\CodeIgniter->runController(Object(App\Controllers\AuthController))
#11 C:\xampp\htdocs\sgp\main\vendor\codeigniter4\framework\system\CodeIgniter.php(326): CodeIgniter\CodeIgniter->handleRequest(NULL, Object(Config\Cache), false)
#12 C:\xampp\htdocs\sgp\public\index.php(37): CodeIgniter\CodeIgniter->run()
#13 {main}
CRITICAL - 2022-03-01 07:39:03 --> strtolower(): Passing null to parameter #1 ($string) of type string is deprecated
#0 [internal function]: CodeIgniter\Debug\Exceptions->errorHandler(8192, 'strtolower(): P...', 'C:\\xampp\\htdocs...', 70)
#1 C:\xampp\htdocs\sgp\main\vendor\myth\auth\src\Authentication\Passwords\NothingPersonalValidator.php(70): strtolower(NULL)
#2 C:\xampp\htdocs\sgp\main\vendor\myth\auth\src\Authentication\Passwords\NothingPersonalValidator.php(39): Myth\Auth\Authentication\Passwords\NothingPersonalValidator->isNotPersonal('c0l0mb14.2022$', Object(Myth\Auth\Entities\User))
#3 C:\xampp\htdocs\sgp\main\vendor\myth\auth\src\Authentication\Passwords\PasswordValidator.php(55): Myth\Auth\Authentication\Passwords\NothingPersonalValidator->check('c0l0mb14.2022$', Object(Myth\Auth\Entities\User))
#4 C:\xampp\htdocs\sgp\main\vendor\myth\auth\src\Authentication\Passwords\ValidationRules.php(45): Myth\Auth\Authentication\Passwords\PasswordValidator->check('C0l0mb14.2022$', Object(Myth\Auth\Entities\User))
#5 C:\xampp\htdocs\sgp\main\vendor\codeigniter4\framework\system\Validation\Validation.php(291): Myth\Auth\Authentication\Passwords\ValidationRules->strong_password('C0l0mb14.2022$', NULL)
#6 C:\xampp\htdocs\sgp\main\vendor\codeigniter4\framework\system\Validation\Validation.php(157): CodeIgniter\Validation\Validation->processRules('password', 'password', 'C0l0mb14.2022$', Array, Array)
#7 C:\xampp\htdocs\sgp\main\vendor\codeigniter4\framework\system\Controller.php(160): CodeIgniter\Validation\Validation->run()
#8 C:\xampp\htdocs\sgp\main\app\Controllers\AuthController.php(299): CodeIgniter\Controller->validate(Array)
#9 C:\xampp\htdocs\sgp\main\vendor\codeigniter4\framework\system\CodeIgniter.php(832): App\Controllers\AuthController->attemptReset()
#10 C:\xampp\htdocs\sgp\main\vendor\codeigniter4\framework\system\CodeIgniter.php(419): CodeIgniter\CodeIgniter->runController(Object(App\Controllers\AuthController))
#11 C:\xampp\htdocs\sgp\main\vendor\codeigniter4\framework\system\CodeIgniter.php(326): CodeIgniter\CodeIgniter->handleRequest(NULL, Object(Config\Cache), false)
#12 C:\xampp\htdocs\sgp\public\index.php(37): CodeIgniter\CodeIgniter->run()
#13 {main}
CRITICAL - 2022-03-01 07:39:20 --> strrev(): Passing null to parameter #1 ($string) of type string is deprecated
#0 [internal function]: CodeIgniter\Debug\Exceptions->errorHandler(8192, 'strrev(): Passi...', 'C:\\xampp\\htdocs...', 77)
#1 C:\xampp\htdocs\sgp\main\vendor\myth\auth\src\Authentication\Passwords\NothingPersonalValidator.php(77): strrev(NULL)
#2 C:\xampp\htdocs\sgp\main\vendor\myth\auth\src\Authentication\Passwords\NothingPersonalValidator.php(39): Myth\Auth\Authentication\Passwords\NothingPersonalValidator->isNotPersonal('c0l0mb14.2022$', Object(Myth\Auth\Entities\User))
#3 C:\xampp\htdocs\sgp\main\vendor\myth\auth\src\Authentication\Passwords\PasswordValidator.php(55): Myth\Auth\Authentication\Passwords\NothingPersonalValidator->check('c0l0mb14.2022$', Object(Myth\Auth\Entities\User))
#4 C:\xampp\htdocs\sgp\main\vendor\myth\auth\src\Authentication\Passwords\ValidationRules.php(45): Myth\Auth\Authentication\Passwords\PasswordValidator->check('C0l0mb14.2022$', Object(Myth\Auth\Entities\User))
#5 C:\xampp\htdocs\sgp\main\vendor\codeigniter4\framework\system\Validation\Validation.php(291): Myth\Auth\Authentication\Passwords\ValidationRules->strong_password('C0l0mb14.2022$', NULL)
#6 C:\xampp\htdocs\sgp\main\vendor\codeigniter4\framework\system\Validation\Validation.php(157): CodeIgniter\Validation\Validation->processRules('password', 'password', 'C0l0mb14.2022$', Array, Array)
#7 C:\xampp\htdocs\sgp\main\vendor\codeigniter4\framework\system\Controller.php(160): CodeIgniter\Validation\Validation->run()
#8 C:\xampp\htdocs\sgp\main\app\Controllers\AuthController.php(299): CodeIgniter\Controller->validate(Array)
#9 C:\xampp\htdocs\sgp\main\vendor\codeigniter4\framework\system\CodeIgniter.php(832): App\Controllers\AuthController->attemptReset()
#10 C:\xampp\htdocs\sgp\main\vendor\codeigniter4\framework\system\CodeIgniter.php(419): CodeIgniter\CodeIgniter->runController(Object(App\Controllers\AuthController))
#11 C:\xampp\htdocs\sgp\main\vendor\codeigniter4\framework\system\CodeIgniter.php(326): CodeIgniter\CodeIgniter->handleRequest(NULL, Object(Config\Cache), false)
#12 C:\xampp\htdocs\sgp\public\index.php(37): CodeIgniter\CodeIgniter->run()
#13 {main}
CRITICAL - 2022-03-01 07:41:54 --> strtolower(): Passing null to parameter #1 ($string) of type string is deprecated
#0 [internal function]: CodeIgniter\Debug\Exceptions->errorHandler(8192, 'strtolower(): P...', 'C:\\xampp\\htdocs...', 70)
#1 C:\xampp\htdocs\sgp\main\vendor\myth\auth\src\Authentication\Passwords\NothingPersonalValidator.php(70): strtolower(NULL)
#2 C:\xampp\htdocs\sgp\main\vendor\myth\auth\src\Authentication\Passwords\NothingPersonalValidator.php(39): Myth\Auth\Authentication\Passwords\NothingPersonalValidator->isNotPersonal('c0l0mb14.2022$', Object(Myth\Auth\Entities\User))
#3 C:\xampp\htdocs\sgp\main\vendor\myth\auth\src\Authentication\Passwords\PasswordValidator.php(55): Myth\Auth\Authentication\Passwords\NothingPersonalValidator->check('c0l0mb14.2022$', Object(Myth\Auth\Entities\User))
#4 C:\xampp\htdocs\sgp\main\vendor\myth\auth\src\Authentication\Passwords\ValidationRules.php(45): Myth\Auth\Authentication\Passwords\PasswordValidator->check('C0l0mb14.2022$', Object(Myth\Auth\Entities\User))
#5 C:\xampp\htdocs\sgp\main\vendor\codeigniter4\framework\system\Validation\Validation.php(291): Myth\Auth\Authentication\Passwords\ValidationRules->strong_password('C0l0mb14.2022$', NULL)
#6 C:\xampp\htdocs\sgp\main\vendor\codeigniter4\framework\system\Validation\Validation.php(157): CodeIgniter\Validation\Validation->processRules('password', 'password', 'C0l0mb14.2022$', Array, Array)
#7 C:\xampp\htdocs\sgp\main\vendor\codeigniter4\framework\system\Controller.php(160): CodeIgniter\Validation\Validation->run()
#8 C:\xampp\htdocs\sgp\main\app\Controllers\AuthController.php(299): CodeIgniter\Controller->validate(Array)
#9 C:\xampp\htdocs\sgp\main\vendor\codeigniter4\framework\system\CodeIgniter.php(832): App\Controllers\AuthController->attemptReset()
#10 C:\xampp\htdocs\sgp\main\vendor\codeigniter4\framework\system\CodeIgniter.php(419): CodeIgniter\CodeIgniter->runController(Object(App\Controllers\AuthController))
#11 C:\xampp\htdocs\sgp\main\vendor\codeigniter4\framework\system\CodeIgniter.php(326): CodeIgniter\CodeIgniter->handleRequest(NULL, Object(Config\Cache), false)
#12 C:\xampp\htdocs\sgp\public\index.php(37): CodeIgniter\CodeIgniter->run()
#13 {main}
CRITICAL - 2022-03-01 07:45:50 --> strtolower(): Passing null to parameter #1 ($string) of type string is deprecated
#0 [internal function]: CodeIgniter\Debug\Exceptions->errorHandler(8192, 'strtolower(): P...', 'C:\\xampp\\htdocs...', 70)
#1 C:\xampp\htdocs\sgp\main\vendor\myth\auth\src\Authentication\Passwords\NothingPersonalValidator.php(70): strtolower(NULL)
#2 C:\xampp\htdocs\sgp\main\vendor\myth\auth\src\Authentication\Passwords\NothingPersonalValidator.php(39): Myth\Auth\Authentication\Passwords\NothingPersonalValidator->isNotPersonal('c0l0mb14.2022$', Object(Myth\Auth\Entities\User))
#3 C:\xampp\htdocs\sgp\main\vendor\myth\auth\src\Authentication\Passwords\PasswordValidator.php(55): Myth\Auth\Authentication\Passwords\NothingPersonalValidator->check('c0l0mb14.2022$', Object(Myth\Auth\Entities\User))
#4 C:\xampp\htdocs\sgp\main\vendor\myth\auth\src\Authentication\Passwords\ValidationRules.php(45): Myth\Auth\Authentication\Passwords\PasswordValidator->check('C0l0mb14.2022$', Object(Myth\Auth\Entities\User))
#5 C:\xampp\htdocs\sgp\main\vendor\codeigniter4\framework\system\Validation\Validation.php(291): Myth\Auth\Authentication\Passwords\ValidationRules->strong_password('C0l0mb14.2022$', NULL)
#6 C:\xampp\htdocs\sgp\main\vendor\codeigniter4\framework\system\Validation\Validation.php(157): CodeIgniter\Validation\Validation->processRules('password', 'password', 'C0l0mb14.2022$', Array, Array)
#7 C:\xampp\htdocs\sgp\main\vendor\codeigniter4\framework\system\Controller.php(160): CodeIgniter\Validation\Validation->run()
#8 C:\xampp\htdocs\sgp\main\app\Controllers\AuthController.php(299): CodeIgniter\Controller->validate(Array)
#9 C:\xampp\htdocs\sgp\main\vendor\codeigniter4\framework\system\CodeIgniter.php(832): App\Controllers\AuthController->attemptReset()
#10 C:\xampp\htdocs\sgp\main\vendor\codeigniter4\framework\system\CodeIgniter.php(419): CodeIgniter\CodeIgniter->runController(Object(App\Controllers\AuthController))
#11 C:\xampp\htdocs\sgp\main\vendor\codeigniter4\framework\system\CodeIgniter.php(326): CodeIgniter\CodeIgniter->handleRequest(NULL, Object(Config\Cache), false)
#12 C:\xampp\htdocs\sgp\public\index.php(37): CodeIgniter\CodeIgniter->run()
#13 {main}
CRITICAL - 2022-03-01 12:53:12 --> Call to undefined function CodeIgniter\locale_set_default()
#0 C:\xampp\htdocs\sgp\main\vendor\codeigniter4\framework\system\bootstrap.php(146): CodeIgniter\CodeIgniter->initialize()
#1 C:\xampp\htdocs\sgp\public\index.php(28): require('C:\\xampp\\htdocs...')
#2 {main}
CRITICAL - 2022-03-01 12:53:20 --> Call to undefined function CodeIgniter\locale_set_default()
#0 C:\xampp\htdocs\sgp\main\vendor\codeigniter4\framework\system\bootstrap.php(146): CodeIgniter\CodeIgniter->initialize()
#1 C:\xampp\htdocs\sgp\public\index.php(28): require('C:\\xampp\\htdocs...')
#2 {main}
CRITICAL - 2022-03-01 12:53:21 --> Call to undefined function CodeIgniter\locale_set_default()
#0 C:\xampp\htdocs\sgp\main\vendor\codeigniter4\framework\system\bootstrap.php(146): CodeIgniter\CodeIgniter->initialize()
#1 C:\xampp\htdocs\sgp\public\index.php(28): require('C:\\xampp\\htdocs...')
#2 {main}
CRITICAL - 2022-03-01 12:53:22 --> Call to undefined function CodeIgniter\locale_set_default()
#0 C:\xampp\htdocs\sgp\main\vendor\codeigniter4\framework\system\bootstrap.php(146): CodeIgniter\CodeIgniter->initialize()
#1 C:\xampp\htdocs\sgp\public\index.php(28): require('C:\\xampp\\htdocs...')
#2 {main}
CRITICAL - 2022-03-01 12:53:25 --> Call to undefined function CodeIgniter\locale_set_default()
#0 C:\xampp\htdocs\sgp\main\vendor\codeigniter4\framework\system\bootstrap.php(146): CodeIgniter\CodeIgniter->initialize()
#1 C:\xampp\htdocs\sgp\public\index.php(28): require('C:\\xampp\\htdocs...')
#2 {main}
CRITICAL - 2022-03-01 12:53:28 --> Call to undefined function CodeIgniter\locale_set_default()
#0 C:\xampp\htdocs\sgp\main\vendor\codeigniter4\framework\system\bootstrap.php(146): CodeIgniter\CodeIgniter->initialize()
#1 C:\xampp\htdocs\sgp\public\index.php(28): require('C:\\xampp\\htdocs...')
#2 {main}
CRITICAL - 2022-03-01 12:54:19 --> Call to undefined function reCaptcha3()
#0 C:\xampp\htdocs\sgp\main\vendor\codeigniter4\framework\system\View\View.php(210): include()
#1 C:\xampp\htdocs\sgp\main\vendor\codeigniter4\framework\system\View\View.php(213): CodeIgniter\View\View->CodeIgniter\View\{closure}()
#2 C:\xampp\htdocs\sgp\main\vendor\codeigniter4\framework\system\Common.php(1089): CodeIgniter\View\View->render('App\\Views\\Auth\\...', Array, true)
#3 C:\xampp\htdocs\sgp\main\app\Controllers\AuthController.php(418): view('App\\Views\\Auth\\...', Array)
#4 C:\xampp\htdocs\sgp\main\app\Controllers\AuthController.php(133): App\Controllers\AuthController->_render('App\\Views\\Auth\\...', Array)
#5 C:\xampp\htdocs\sgp\main\vendor\codeigniter4\framework\system\CodeIgniter.php(832): App\Controllers\AuthController->register()
#6 C:\xampp\htdocs\sgp\main\vendor\codeigniter4\framework\system\CodeIgniter.php(419): CodeIgniter\CodeIgniter->runController(Object(App\Controllers\AuthController))
#7 C:\xampp\htdocs\sgp\main\vendor\codeigniter4\framework\system\CodeIgniter.php(326): CodeIgniter\CodeIgniter->handleRequest(NULL, Object(Config\Cache), false)
#8 C:\xampp\htdocs\sgp\public\index.php(37): CodeIgniter\CodeIgniter->run()
#9 {main}
CRITICAL - 2022-03-01 12:56:38 --> Call to undefined function reCaptcha3()
#0 C:\xampp\htdocs\sgp\main\vendor\codeigniter4\framework\system\View\View.php(210): include()
#1 C:\xampp\htdocs\sgp\main\vendor\codeigniter4\framework\system\View\View.php(213): CodeIgniter\View\View->CodeIgniter\View\{closure}()
#2 C:\xampp\htdocs\sgp\main\vendor\codeigniter4\framework\system\Common.php(1089): CodeIgniter\View\View->render('App\\Views\\Auth\\...', Array, true)
#3 C:\xampp\htdocs\sgp\main\app\Controllers\AuthController.php(418): view('App\\Views\\Auth\\...', Array)
#4 C:\xampp\htdocs\sgp\main\app\Controllers\AuthController.php(133): App\Controllers\AuthController->_render('App\\Views\\Auth\\...', Array)
#5 C:\xampp\htdocs\sgp\main\vendor\codeigniter4\framework\system\CodeIgniter.php(832): App\Controllers\AuthController->register()
#6 C:\xampp\htdocs\sgp\main\vendor\codeigniter4\framework\system\CodeIgniter.php(419): CodeIgniter\CodeIgniter->runController(Object(App\Controllers\AuthController))
#7 C:\xampp\htdocs\sgp\main\vendor\codeigniter4\framework\system\CodeIgniter.php(326): CodeIgniter\CodeIgniter->handleRequest(NULL, Object(Config\Cache), false)
#8 C:\xampp\htdocs\sgp\public\index.php(37): CodeIgniter\CodeIgniter->run()
#9 {main}
CRITICAL - 2022-03-01 12:56:43 --> Call to undefined function reCaptcha3()
#0 C:\xampp\htdocs\sgp\main\vendor\codeigniter4\framework\system\View\View.php(210): include()
#1 C:\xampp\htdocs\sgp\main\vendor\codeigniter4\framework\system\View\View.php(213): CodeIgniter\View\View->CodeIgniter\View\{closure}()
#2 C:\xampp\htdocs\sgp\main\vendor\codeigniter4\framework\system\Common.php(1089): CodeIgniter\View\View->render('App\\Views\\Auth\\...', Array, true)
#3 C:\xampp\htdocs\sgp\main\app\Controllers\AuthController.php(418): view('App\\Views\\Auth\\...', Array)
#4 C:\xampp\htdocs\sgp\main\app\Controllers\AuthController.php(133): App\Controllers\AuthController->_render('App\\Views\\Auth\\...', Array)
#5 C:\xampp\htdocs\sgp\main\vendor\codeigniter4\framework\system\CodeIgniter.php(832): App\Controllers\AuthController->register()
#6 C:\xampp\htdocs\sgp\main\vendor\codeigniter4\framework\system\CodeIgniter.php(419): CodeIgniter\CodeIgniter->runController(Object(App\Controllers\AuthController))
#7 C:\xampp\htdocs\sgp\main\vendor\codeigniter4\framework\system\CodeIgniter.php(326): CodeIgniter\CodeIgniter->handleRequest(NULL, Object(Config\Cache), false)
#8 C:\xampp\htdocs\sgp\public\index.php(37): CodeIgniter\CodeIgniter->run()
#9 {main}
CRITICAL - 2022-03-01 13:04:54 --> Call to undefined function reCaptcha3()
#0 C:\xampp\htdocs\sgp\main\vendor\codeigniter4\framework\system\View\View.php(210): include()
#1 C:\xampp\htdocs\sgp\main\vendor\codeigniter4\framework\system\View\View.php(213): CodeIgniter\View\View->CodeIgniter\View\{closure}()
#2 C:\xampp\htdocs\sgp\main\vendor\codeigniter4\framework\system\Common.php(1089): CodeIgniter\View\View->render('App\\Views\\Auth\\...', Array, true)
#3 C:\xampp\htdocs\sgp\main\app\Controllers\AuthController.php(418): view('App\\Views\\Auth\\...', Array)
#4 C:\xampp\htdocs\sgp\main\app\Controllers\AuthController.php(133): App\Controllers\AuthController->_render('App\\Views\\Auth\\...', Array)
#5 C:\xampp\htdocs\sgp\main\vendor\codeigniter4\framework\system\CodeIgniter.php(832): App\Controllers\AuthController->register()
#6 C:\xampp\htdocs\sgp\main\vendor\codeigniter4\framework\system\CodeIgniter.php(419): CodeIgniter\CodeIgniter->runController(Object(App\Controllers\AuthController))
#7 C:\xampp\htdocs\sgp\main\vendor\codeigniter4\framework\system\CodeIgniter.php(326): CodeIgniter\CodeIgniter->handleRequest(NULL, Object(Config\Cache), false)
#8 C:\xampp\htdocs\sgp\public\index.php(37): CodeIgniter\CodeIgniter->run()
#9 {main}
CRITICAL - 2022-03-01 13:05:28 --> Call to undefined function reCaptcha3()
#0 C:\xampp\htdocs\sgp\main\vendor\codeigniter4\framework\system\View\View.php(210): include()
#1 C:\xampp\htdocs\sgp\main\vendor\codeigniter4\framework\system\View\View.php(213): CodeIgniter\View\View->CodeIgniter\View\{closure}()
#2 C:\xampp\htdocs\sgp\main\vendor\codeigniter4\framework\system\Common.php(1089): CodeIgniter\View\View->render('App\\Views\\Auth\\...', Array, true)
#3 C:\xampp\htdocs\sgp\main\app\Controllers\AuthController.php(418): view('App\\Views\\Auth\\...', Array)
#4 C:\xampp\htdocs\sgp\main\app\Controllers\AuthController.php(132): App\Controllers\AuthController->_render('App\\Views\\Auth\\...', Array)
#5 C:\xampp\htdocs\sgp\main\vendor\codeigniter4\framework\system\CodeIgniter.php(832): App\Controllers\AuthController->register()
#6 C:\xampp\htdocs\sgp\main\vendor\codeigniter4\framework\system\CodeIgniter.php(419): CodeIgniter\CodeIgniter->runController(Object(App\Controllers\AuthController))
#7 C:\xampp\htdocs\sgp\main\vendor\codeigniter4\framework\system\CodeIgniter.php(326): CodeIgniter\CodeIgniter->handleRequest(NULL, Object(Config\Cache), false)
#8 C:\xampp\htdocs\sgp\public\index.php(37): CodeIgniter\CodeIgniter->run()
#9 {main}
CRITICAL - 2022-03-01 13:05:50 --> Call to undefined function reCaptcha3()
#0 C:\xampp\htdocs\sgp\main\vendor\codeigniter4\framework\system\View\View.php(210): include()
#1 C:\xampp\htdocs\sgp\main\vendor\codeigniter4\framework\system\View\View.php(213): CodeIgniter\View\View->CodeIgniter\View\{closure}()
#2 C:\xampp\htdocs\sgp\main\vendor\codeigniter4\framework\system\Common.php(1089): CodeIgniter\View\View->render('App\\Views\\Auth\\...', Array, true)
#3 C:\xampp\htdocs\sgp\main\app\Controllers\AuthController.php(418): view('App\\Views\\Auth\\...', Array)
#4 C:\xampp\htdocs\sgp\main\app\Controllers\AuthController.php(132): App\Controllers\AuthController->_render('App\\Views\\Auth\\...', Array)
#5 C:\xampp\htdocs\sgp\main\vendor\codeigniter4\framework\system\CodeIgniter.php(832): App\Controllers\AuthController->register()
#6 C:\xampp\htdocs\sgp\main\vendor\codeigniter4\framework\system\CodeIgniter.php(419): CodeIgniter\CodeIgniter->runController(Object(App\Controllers\AuthController))
#7 C:\xampp\htdocs\sgp\main\vendor\codeigniter4\framework\system\CodeIgniter.php(326): CodeIgniter\CodeIgniter->handleRequest(NULL, Object(Config\Cache), false)
#8 C:\xampp\htdocs\sgp\public\index.php(37): CodeIgniter\CodeIgniter->run()
#9 {main}
CRITICAL - 2022-03-01 13:05:52 --> Call to undefined function reCaptcha3()
#0 C:\xampp\htdocs\sgp\main\vendor\codeigniter4\framework\system\View\View.php(210): include()
#1 C:\xampp\htdocs\sgp\main\vendor\codeigniter4\framework\system\View\View.php(213): CodeIgniter\View\View->CodeIgniter\View\{closure}()
#2 C:\xampp\htdocs\sgp\main\vendor\codeigniter4\framework\system\Common.php(1089): CodeIgniter\View\View->render('App\\Views\\Auth\\...', Array, true)
#3 C:\xampp\htdocs\sgp\main\app\Controllers\AuthController.php(418): view('App\\Views\\Auth\\...', Array)
#4 C:\xampp\htdocs\sgp\main\app\Controllers\AuthController.php(132): App\Controllers\AuthController->_render('App\\Views\\Auth\\...', Array)
#5 C:\xampp\htdocs\sgp\main\vendor\codeigniter4\framework\system\CodeIgniter.php(832): App\Controllers\AuthController->register()
#6 C:\xampp\htdocs\sgp\main\vendor\codeigniter4\framework\system\CodeIgniter.php(419): CodeIgniter\CodeIgniter->runController(Object(App\Controllers\AuthController))
#7 C:\xampp\htdocs\sgp\main\vendor\codeigniter4\framework\system\CodeIgniter.php(326): CodeIgniter\CodeIgniter->handleRequest(NULL, Object(Config\Cache), false)
#8 C:\xampp\htdocs\sgp\public\index.php(37): CodeIgniter\CodeIgniter->run()
#9 {main}
CRITICAL - 2022-03-01 13:21:39 --> Call to undefined function reCaptcha3()
#0 C:\xampp\htdocs\sgp\main\vendor\codeigniter4\framework\system\View\View.php(210): include()
#1 C:\xampp\htdocs\sgp\main\vendor\codeigniter4\framework\system\View\View.php(213): CodeIgniter\View\View->CodeIgniter\View\{closure}()
#2 C:\xampp\htdocs\sgp\main\vendor\codeigniter4\framework\system\Common.php(1089): CodeIgniter\View\View->render('App\\Views\\Auth\\...', Array, true)
#3 C:\xampp\htdocs\sgp\main\app\Controllers\AuthController.php(418): view('App\\Views\\Auth\\...', Array)
#4 C:\xampp\htdocs\sgp\main\app\Controllers\AuthController.php(132): App\Controllers\AuthController->_render('App\\Views\\Auth\\...', Array)
#5 C:\xampp\htdocs\sgp\main\vendor\codeigniter4\framework\system\CodeIgniter.php(832): App\Controllers\AuthController->register()
#6 C:\xampp\htdocs\sgp\main\vendor\codeigniter4\framework\system\CodeIgniter.php(419): CodeIgniter\CodeIgniter->runController(Object(App\Controllers\AuthController))
#7 C:\xampp\htdocs\sgp\main\vendor\codeigniter4\framework\system\CodeIgniter.php(326): CodeIgniter\CodeIgniter->handleRequest(NULL, Object(Config\Cache), false)
#8 C:\xampp\htdocs\sgp\public\index.php(37): CodeIgniter\CodeIgniter->run()
#9 {main}
CRITICAL - 2022-03-01 13:28:27 --> Call to undefined function reCaptcha3()
#0 C:\xampp\htdocs\sgp\main\vendor\codeigniter4\framework\system\View\View.php(210): include()
#1 C:\xampp\htdocs\sgp\main\vendor\codeigniter4\framework\system\View\View.php(213): CodeIgniter\View\View->CodeIgniter\View\{closure}()
#2 C:\xampp\htdocs\sgp\main\vendor\codeigniter4\framework\system\Common.php(1089): CodeIgniter\View\View->render('App\\Views\\Auth\\...', Array, true)
#3 C:\xampp\htdocs\sgp\main\app\Controllers\AuthController.php(418): view('App\\Views\\Auth\\...', Array)
#4 C:\xampp\htdocs\sgp\main\app\Controllers\AuthController.php(132): App\Controllers\AuthController->_render('App\\Views\\Auth\\...', Array)
#5 C:\xampp\htdocs\sgp\main\vendor\codeigniter4\framework\system\CodeIgniter.php(832): App\Controllers\AuthController->register()
#6 C:\xampp\htdocs\sgp\main\vendor\codeigniter4\framework\system\CodeIgniter.php(419): CodeIgniter\CodeIgniter->runController(Object(App\Controllers\AuthController))
#7 C:\xampp\htdocs\sgp\main\vendor\codeigniter4\framework\system\CodeIgniter.php(326): CodeIgniter\CodeIgniter->handleRequest(NULL, Object(Config\Cache), false)
#8 C:\xampp\htdocs\sgp\public\index.php(37): CodeIgniter\CodeIgniter->run()
#9 {main}
CRITICAL - 2022-03-01 13:29:10 --> Call to undefined function reCaptcha3()
#0 C:\xampp\htdocs\sgp\main\vendor\codeigniter4\framework\system\View\View.php(210): include()
#1 C:\xampp\htdocs\sgp\main\vendor\codeigniter4\framework\system\View\View.php(213): CodeIgniter\View\View->CodeIgniter\View\{closure}()
#2 C:\xampp\htdocs\sgp\main\vendor\codeigniter4\framework\system\Common.php(1089): CodeIgniter\View\View->render('App\\Views\\Auth\\...', Array, true)
#3 C:\xampp\htdocs\sgp\main\app\Controllers\AuthController.php(418): view('App\\Views\\Auth\\...', Array)
#4 C:\xampp\htdocs\sgp\main\app\Controllers\AuthController.php(133): App\Controllers\AuthController->_render('App\\Views\\Auth\\...', Array)
#5 C:\xampp\htdocs\sgp\main\vendor\codeigniter4\framework\system\CodeIgniter.php(832): App\Controllers\AuthController->register()
#6 C:\xampp\htdocs\sgp\main\vendor\codeigniter4\framework\system\CodeIgniter.php(419): CodeIgniter\CodeIgniter->runController(Object(App\Controllers\AuthController))
#7 C:\xampp\htdocs\sgp\main\vendor\codeigniter4\framework\system\CodeIgniter.php(326): CodeIgniter\CodeIgniter->handleRequest(NULL, Object(Config\Cache), false)
#8 C:\xampp\htdocs\sgp\public\index.php(37): CodeIgniter\CodeIgniter->run()
#9 {main}
CRITICAL - 2022-03-01 13:29:11 --> Call to undefined function reCaptcha3()
#0 C:\xampp\htdocs\sgp\main\vendor\codeigniter4\framework\system\View\View.php(210): include()
#1 C:\xampp\htdocs\sgp\main\vendor\codeigniter4\framework\system\View\View.php(213): CodeIgniter\View\View->CodeIgniter\View\{closure}()
#2 C:\xampp\htdocs\sgp\main\vendor\codeigniter4\framework\system\Common.php(1089): CodeIgniter\View\View->render('App\\Views\\Auth\\...', Array, true)
#3 C:\xampp\htdocs\sgp\main\app\Controllers\AuthController.php(418): view('App\\Views\\Auth\\...', Array)
#4 C:\xampp\htdocs\sgp\main\app\Controllers\AuthController.php(133): App\Controllers\AuthController->_render('App\\Views\\Auth\\...', Array)
#5 C:\xampp\htdocs\sgp\main\vendor\codeigniter4\framework\system\CodeIgniter.php(832): App\Controllers\AuthController->register()
#6 C:\xampp\htdocs\sgp\main\vendor\codeigniter4\framework\system\CodeIgniter.php(419): CodeIgniter\CodeIgniter->runController(Object(App\Controllers\AuthController))
#7 C:\xampp\htdocs\sgp\main\vendor\codeigniter4\framework\system\CodeIgniter.php(326): CodeIgniter\CodeIgniter->handleRequest(NULL, Object(Config\Cache), false)
#8 C:\xampp\htdocs\sgp\public\index.php(37): CodeIgniter\CodeIgniter->run()
#9 {main}
CRITICAL - 2022-03-01 13:30:05 --> Call to undefined function reCaptcha3()
#0 C:\xampp\htdocs\sgp\main\vendor\codeigniter4\framework\system\View\View.php(210): include()
#1 C:\xampp\htdocs\sgp\main\vendor\codeigniter4\framework\system\View\View.php(213): CodeIgniter\View\View->CodeIgniter\View\{closure}()
#2 C:\xampp\htdocs\sgp\main\vendor\codeigniter4\framework\system\Common.php(1089): CodeIgniter\View\View->render('App\\Views\\Auth\\...', Array, true)
#3 C:\xampp\htdocs\sgp\main\app\Controllers\AuthController.php(419): view('App\\Views\\Auth\\...', Array)
#4 C:\xampp\htdocs\sgp\main\app\Controllers\AuthController.php(133): App\Controllers\AuthController->_render('App\\Views\\Auth\\...', Array)
#5 C:\xampp\htdocs\sgp\main\vendor\codeigniter4\framework\system\CodeIgniter.php(832): App\Controllers\AuthController->register()
#6 C:\xampp\htdocs\sgp\main\vendor\codeigniter4\framework\system\CodeIgniter.php(419): CodeIgniter\CodeIgniter->runController(Object(App\Controllers\AuthController))
#7 C:\xampp\htdocs\sgp\main\vendor\codeigniter4\framework\system\CodeIgniter.php(326): CodeIgniter\CodeIgniter->handleRequest(NULL, Object(Config\Cache), false)
#8 C:\xampp\htdocs\sgp\public\index.php(37): CodeIgniter\CodeIgniter->run()
#9 {main}
CRITICAL - 2022-03-01 14:32:39 --> syntax error, unexpected token "if"
#0 C:\xampp\htdocs\sgp\main\vendor\codeigniter4\framework\system\CodeIgniter.php(368): CodeIgniter\CodeIgniter->tryToRouteIt(NULL)
#1 C:\xampp\htdocs\sgp\main\vendor\codeigniter4\framework\system\CodeIgniter.php(326): CodeIgniter\CodeIgniter->handleRequest(NULL, Object(Config\Cache), false)
#2 C:\xampp\htdocs\sgp\main\vendor\codeigniter4\framework\system\CLI\Console.php(48): CodeIgniter\CodeIgniter->run()
#3 C:\xampp\htdocs\sgp\main\spark(63): CodeIgniter\CLI\Console->run()
#4 {main}
CRITICAL - 2022-03-01 14:32:57 --> syntax error, unexpected token "if"
#0 C:\xampp\htdocs\sgp\main\vendor\codeigniter4\framework\system\CodeIgniter.php(368): CodeIgniter\CodeIgniter->tryToRouteIt(NULL)
#1 C:\xampp\htdocs\sgp\main\vendor\codeigniter4\framework\system\CodeIgniter.php(326): CodeIgniter\CodeIgniter->handleRequest(NULL, Object(Config\Cache), false)
#2 C:\xampp\htdocs\sgp\main\vendor\codeigniter4\framework\system\CLI\Console.php(48): CodeIgniter\CodeIgniter->run()
#3 C:\xampp\htdocs\sgp\main\spark(63): CodeIgniter\CLI\Console->run()
#4 {main}
CRITICAL - 2022-03-01 14:33:06 --> syntax error, unexpected token "if"
#0 C:\xampp\htdocs\sgp\main\vendor\codeigniter4\framework\system\CodeIgniter.php(368): CodeIgniter\CodeIgniter->tryToRouteIt(NULL)
#1 C:\xampp\htdocs\sgp\main\vendor\codeigniter4\framework\system\CodeIgniter.php(326): CodeIgniter\CodeIgniter->handleRequest(NULL, Object(Config\Cache), false)
#2 C:\xampp\htdocs\sgp\main\vendor\codeigniter4\framework\system\CLI\Console.php(48): CodeIgniter\CodeIgniter->run()
#3 C:\xampp\htdocs\sgp\main\spark(63): CodeIgniter\CLI\Console->run()
#4 {main}
CRITICAL - 2022-03-01 14:33:34 --> syntax error, unexpected token "if"
#0 C:\xampp\htdocs\sgp\main\vendor\codeigniter4\framework\system\CodeIgniter.php(368): CodeIgniter\CodeIgniter->tryToRouteIt(NULL)
#1 C:\xampp\htdocs\sgp\main\vendor\codeigniter4\framework\system\CodeIgniter.php(326): CodeIgniter\CodeIgniter->handleRequest(NULL, Object(Config\Cache), false)
#2 C:\xampp\htdocs\sgp\main\vendor\codeigniter4\framework\system\CLI\Console.php(48): CodeIgniter\CodeIgniter->run()
#3 C:\xampp\htdocs\sgp\main\spark(63): CodeIgniter\CLI\Console->run()
#4 {main}
CRITICAL - 2022-03-01 14:33:57 --> syntax error, unexpected token "if"
#0 C:\xampp\htdocs\sgp\main\vendor\codeigniter4\framework\system\CodeIgniter.php(368): CodeIgniter\CodeIgniter->tryToRouteIt(NULL)
#1 C:\xampp\htdocs\sgp\main\vendor\codeigniter4\framework\system\CodeIgniter.php(326): CodeIgniter\CodeIgniter->handleRequest(NULL, Object(Config\Cache), false)
#2 C:\xampp\htdocs\sgp\main\vendor\codeigniter4\framework\system\CLI\Console.php(48): CodeIgniter\CodeIgniter->run()
#3 C:\xampp\htdocs\sgp\main\spark(63): CodeIgniter\CLI\Console->run()
#4 {main}
CRITICAL - 2022-03-01 14:34:41 --> syntax error, unexpected token "if"
#0 C:\xampp\htdocs\sgp\main\vendor\codeigniter4\framework\system\CodeIgniter.php(368): CodeIgniter\CodeIgniter->tryToRouteIt(NULL)
#1 C:\xampp\htdocs\sgp\main\vendor\codeigniter4\framework\system\CodeIgniter.php(326): CodeIgniter\CodeIgniter->handleRequest(NULL, Object(Config\Cache), false)
#2 C:\xampp\htdocs\sgp\main\vendor\codeigniter4\framework\system\CLI\Console.php(48): CodeIgniter\CodeIgniter->run()
#3 C:\xampp\htdocs\sgp\main\spark(63): CodeIgniter\CLI\Console->run()
#4 {main}
CRITICAL - 2022-03-01 14:35:29 --> syntax error, unexpected token "if"
#0 C:\xampp\htdocs\sgp\main\vendor\codeigniter4\framework\system\CodeIgniter.php(368): CodeIgniter\CodeIgniter->tryToRouteIt(NULL)
#1 C:\xampp\htdocs\sgp\main\vendor\codeigniter4\framework\system\CodeIgniter.php(326): CodeIgniter\CodeIgniter->handleRequest(NULL, Object(Config\Cache), false)
#2 C:\xampp\htdocs\sgp\main\vendor\codeigniter4\framework\system\CLI\Console.php(48): CodeIgniter\CodeIgniter->run()
#3 C:\xampp\htdocs\sgp\main\spark(63): CodeIgniter\CLI\Console->run()
#4 {main}
CRITICAL - 2022-03-01 14:36:29 --> syntax error, unexpected token "if"
#0 C:\xampp\htdocs\sgp\main\vendor\codeigniter4\framework\system\CodeIgniter.php(368): CodeIgniter\CodeIgniter->tryToRouteIt(NULL)
#1 C:\xampp\htdocs\sgp\main\vendor\codeigniter4\framework\system\CodeIgniter.php(326): CodeIgniter\CodeIgniter->handleRequest(NULL, Object(Config\Cache), false)
#2 C:\xampp\htdocs\sgp\main\vendor\codeigniter4\framework\system\CLI\Console.php(48): CodeIgniter\CodeIgniter->run()
#3 C:\xampp\htdocs\sgp\main\spark(63): CodeIgniter\CLI\Console->run()
#4 {main}
CRITICAL - 2022-03-01 14:37:20 --> syntax error, unexpected token "if"
#0 C:\xampp\htdocs\sgp\main\vendor\codeigniter4\framework\system\CodeIgniter.php(368): CodeIgniter\CodeIgniter->tryToRouteIt(NULL)
#1 C:\xampp\htdocs\sgp\main\vendor\codeigniter4\framework\system\CodeIgniter.php(326): CodeIgniter\CodeIgniter->handleRequest(NULL, Object(Config\Cache), false)
#2 C:\xampp\htdocs\sgp\main\vendor\codeigniter4\framework\system\CLI\Console.php(48): CodeIgniter\CodeIgniter->run()
#3 C:\xampp\htdocs\sgp\main\spark(63): CodeIgniter\CLI\Console->run()
#4 {main}
CRITICAL - 2022-03-01 14:41:04 --> syntax error, unexpected token "if"
#0 C:\xampp\htdocs\sgp\main\vendor\codeigniter4\framework\system\CodeIgniter.php(368): CodeIgniter\CodeIgniter->tryToRouteIt(NULL)
#1 C:\xampp\htdocs\sgp\main\vendor\codeigniter4\framework\system\CodeIgniter.php(326): CodeIgniter\CodeIgniter->handleRequest(NULL, Object(Config\Cache), false)
#2 C:\xampp\htdocs\sgp\main\vendor\codeigniter4\framework\system\CLI\Console.php(48): CodeIgniter\CodeIgniter->run()
#3 C:\xampp\htdocs\sgp\main\spark(63): CodeIgniter\CLI\Console->run()
#4 {main}
CRITICAL - 2022-03-01 14:54:15 --> strpos(): Argument #1 ($haystack) must be of type string, array given
#0 C:\xampp\htdocs\sgp\main\vendor\codeigniter4\framework\system\Router\Router.php(421): strpos(Array, '$')
#1 C:\xampp\htdocs\sgp\main\vendor\codeigniter4\framework\system\Router\Router.php(154): CodeIgniter\Router\Router->checkRoutes('admin/lista-de-...')
#2 C:\xampp\htdocs\sgp\main\vendor\codeigniter4\framework\system\CodeIgniter.php(726): CodeIgniter\Router\Router->handle('admin/lista-de-...')
#3 C:\xampp\htdocs\sgp\main\vendor\codeigniter4\framework\system\CodeIgniter.php(368): CodeIgniter\CodeIgniter->tryToRouteIt(Object(CodeIgniter\Router\RouteCollection))
#4 C:\xampp\htdocs\sgp\main\vendor\codeigniter4\framework\system\CodeIgniter.php(326): CodeIgniter\CodeIgniter->handleRequest(NULL, Object(Config\Cache), false)
#5 C:\xampp\htdocs\sgp\public\index.php(37): CodeIgniter\CodeIgniter->run()
#6 {main}
CRITICAL - 2022-03-01 14:54:28 --> strpos(): Argument #1 ($haystack) must be of type string, array given
#0 C:\xampp\htdocs\sgp\main\vendor\codeigniter4\framework\system\Router\Router.php(421): strpos(Array, '$')
#1 C:\xampp\htdocs\sgp\main\vendor\codeigniter4\framework\system\Router\Router.php(154): CodeIgniter\Router\Router->checkRoutes('admin/lista-de-...')
#2 C:\xampp\htdocs\sgp\main\vendor\codeigniter4\framework\system\CodeIgniter.php(726): CodeIgniter\Router\Router->handle('admin/lista-de-...')
#3 C:\xampp\htdocs\sgp\main\vendor\codeigniter4\framework\system\CodeIgniter.php(368): CodeIgniter\CodeIgniter->tryToRouteIt(Object(CodeIgniter\Router\RouteCollection))
#4 C:\xampp\htdocs\sgp\main\vendor\codeigniter4\framework\system\CodeIgniter.php(326): CodeIgniter\CodeIgniter->handleRequest(NULL, Object(Config\Cache), false)
#5 C:\xampp\htdocs\sgp\public\index.php(37): CodeIgniter\CodeIgniter->run()
#6 {main}
CRITICAL - 2022-03-01 14:54:47 --> Undefined constant App\Controllers\Admin\UserController::index
#0 C:\xampp\htdocs\sgp\main\vendor\codeigniter4\framework\system\Router\RouteCollection.php(607): CodeIgniter\CodeIgniter->Config\{closure}(Object(CodeIgniter\Router\RouteCollection))
#1 C:\xampp\htdocs\sgp\main\app\Config\Routes.php(66): CodeIgniter\Router\RouteCollection->group('', Array, Object(Closure))
#2 C:\xampp\htdocs\sgp\main\vendor\codeigniter4\framework\system\CodeIgniter.php(713): require('C:\\xampp\\htdocs...')
#3 C:\xampp\htdocs\sgp\main\vendor\codeigniter4\framework\system\CodeIgniter.php(368): CodeIgniter\CodeIgniter->tryToRouteIt(Object(CodeIgniter\Router\RouteCollection))
#4 C:\xampp\htdocs\sgp\main\vendor\codeigniter4\framework\system\CodeIgniter.php(326): CodeIgniter\CodeIgniter->handleRequest(NULL, Object(Config\Cache), false)
#5 C:\xampp\htdocs\sgp\public\index.php(37): CodeIgniter\CodeIgniter->run()
#6 {main}
CRITICAL - 2022-03-01 15:12:43 --> No tens los permisos necesarios para poder acceder a esta pgina.
#0 C:\xampp\htdocs\sgp\main\vendor\codeigniter4\framework\system\Filters\Filters.php(173): Myth\Auth\Filters\RoleFilter->before(Object(CodeIgniter\HTTP\IncomingRequest), Array)
#1 C:\xampp\htdocs\sgp\main\vendor\codeigniter4\framework\system\CodeIgniter.php(393): CodeIgniter\Filters\Filters->run('admin/lista-de-...', 'before')
#2 C:\xampp\htdocs\sgp\main\vendor\codeigniter4\framework\system\CodeIgniter.php(326): CodeIgniter\CodeIgniter->handleRequest(NULL, Object(Config\Cache), false)
#3 C:\xampp\htdocs\sgp\public\index.php(37): CodeIgniter\CodeIgniter->run()
#4 {main}
CRITICAL - 2022-03-01 15:33:50 --> No tens los permisos necesarios para poder acceder a esta pgina.
#0 C:\xampp\htdocs\sgp\main\vendor\codeigniter4\framework\system\Filters\Filters.php(173): Myth\Auth\Filters\RoleFilter->before(Object(CodeIgniter\HTTP\IncomingRequest), Array)
#1 C:\xampp\htdocs\sgp\main\vendor\codeigniter4\framework\system\CodeIgniter.php(393): CodeIgniter\Filters\Filters->run('admin/lista-de-...', 'before')
#2 C:\xampp\htdocs\sgp\main\vendor\codeigniter4\framework\system\CodeIgniter.php(326): CodeIgniter\CodeIgniter->handleRequest(NULL, Object(Config\Cache), false)
#3 C:\xampp\htdocs\sgp\public\index.php(37): CodeIgniter\CodeIgniter->run()
#4 {main}
CRITICAL - 2022-03-01 15:34:08 --> No tens los permisos necesarios para poder acceder a esta pgina.
#0 C:\xampp\htdocs\sgp\main\vendor\codeigniter4\framework\system\Filters\Filters.php(173): Myth\Auth\Filters\RoleFilter->before(Object(CodeIgniter\HTTP\IncomingRequest), Array)
#1 C:\xampp\htdocs\sgp\main\vendor\codeigniter4\framework\system\CodeIgniter.php(393): CodeIgniter\Filters\Filters->run('admin/lista-de-...', 'before')
#2 C:\xampp\htdocs\sgp\main\vendor\codeigniter4\framework\system\CodeIgniter.php(326): CodeIgniter\CodeIgniter->handleRequest(NULL, Object(Config\Cache), false)
#3 C:\xampp\htdocs\sgp\public\index.php(37): CodeIgniter\CodeIgniter->run()
#4 {main}
CRITICAL - 2022-03-01 15:34:23 --> No tens los permisos necesarios para poder acceder a esta pgina.
#0 C:\xampp\htdocs\sgp\main\vendor\codeigniter4\framework\system\Filters\Filters.php(173): Myth\Auth\Filters\RoleFilter->before(Object(CodeIgniter\HTTP\IncomingRequest), Array)
#1 C:\xampp\htdocs\sgp\main\vendor\codeigniter4\framework\system\CodeIgniter.php(393): CodeIgniter\Filters\Filters->run('admin/lista-de-...', 'before')
#2 C:\xampp\htdocs\sgp\main\vendor\codeigniter4\framework\system\CodeIgniter.php(326): CodeIgniter\CodeIgniter->handleRequest(NULL, Object(Config\Cache), false)
#3 C:\xampp\htdocs\sgp\public\index.php(37): CodeIgniter\CodeIgniter->run()
#4 {main}
CRITICAL - 2022-03-01 15:34:39 --> No tens los permisos necesarios para poder acceder a esta pgina.
#0 C:\xampp\htdocs\sgp\main\vendor\codeigniter4\framework\system\Filters\Filters.php(173): Myth\Auth\Filters\RoleFilter->before(Object(CodeIgniter\HTTP\IncomingRequest), Array)
#1 C:\xampp\htdocs\sgp\main\vendor\codeigniter4\framework\system\CodeIgniter.php(393): CodeIgniter\Filters\Filters->run('admin/lista-de-...', 'before')
#2 C:\xampp\htdocs\sgp\main\vendor\codeigniter4\framework\system\CodeIgniter.php(326): CodeIgniter\CodeIgniter->handleRequest(NULL, Object(Config\Cache), false)
#3 C:\xampp\htdocs\sgp\public\index.php(37): CodeIgniter\CodeIgniter->run()
#4 {main}
CRITICAL - 2022-03-01 15:34:55 --> No tens los permisos necesarios para poder acceder a esta pgina.
#0 C:\xampp\htdocs\sgp\main\vendor\codeigniter4\framework\system\Filters\Filters.php(173): Myth\Auth\Filters\RoleFilter->before(Object(CodeIgniter\HTTP\IncomingRequest), Array)
#1 C:\xampp\htdocs\sgp\main\vendor\codeigniter4\framework\system\CodeIgniter.php(393): CodeIgniter\Filters\Filters->run('admin/lista-de-...', 'before')
#2 C:\xampp\htdocs\sgp\main\vendor\codeigniter4\framework\system\CodeIgniter.php(326): CodeIgniter\CodeIgniter->handleRequest(NULL, Object(Config\Cache), false)
#3 C:\xampp\htdocs\sgp\public\index.php(37): CodeIgniter\CodeIgniter->run()
#4 {main}
CRITICAL - 2022-03-01 15:35:52 --> No tens los permisos necesarios para poder acceder a esta pgina.
#0 C:\xampp\htdocs\sgp\main\vendor\codeigniter4\framework\system\Filters\Filters.php(173): Myth\Auth\Filters\RoleFilter->before(Object(CodeIgniter\HTTP\IncomingRequest), Array)
#1 C:\xampp\htdocs\sgp\main\vendor\codeigniter4\framework\system\CodeIgniter.php(393): CodeIgniter\Filters\Filters->run('admin/lista-de-...', 'before')
#2 C:\xampp\htdocs\sgp\main\vendor\codeigniter4\framework\system\CodeIgniter.php(326): CodeIgniter\CodeIgniter->handleRequest(NULL, Object(Config\Cache), false)
#3 C:\xampp\htdocs\sgp\public\index.php(37): CodeIgniter\CodeIgniter->run()
#4 {main}
CRITICAL - 2022-03-01 15:36:43 --> No tens los permisos necesarios para poder acceder a esta pgina.
#0 C:\xampp\htdocs\sgp\main\vendor\codeigniter4\framework\system\Filters\Filters.php(173): Myth\Auth\Filters\RoleFilter->before(Object(CodeIgniter\HTTP\IncomingRequest), Array)
#1 C:\xampp\htdocs\sgp\main\vendor\codeigniter4\framework\system\CodeIgniter.php(393): CodeIgniter\Filters\Filters->run('admin/lista-de-...', 'before')
#2 C:\xampp\htdocs\sgp\main\vendor\codeigniter4\framework\system\CodeIgniter.php(326): CodeIgniter\CodeIgniter->handleRequest(NULL, Object(Config\Cache), false)
#3 C:\xampp\htdocs\sgp\public\index.php(37): CodeIgniter\CodeIgniter->run()
#4 {main}
ERROR - 2022-03-01 15:43:58 --> Error connecting to the database: No se puede establecer una conexin ya que el equipo de destino deneg expresamente dicha conexin
CRITICAL - 2022-03-01 15:43:58 --> Unable to connect to the database.
Main connection [MySQLi]: No se puede establecer una conexin ya que el equipo de destino deneg expresamente dicha conexin
#0 C:\xampp\htdocs\sgp\main\vendor\codeigniter4\framework\system\Session\Handlers\DatabaseHandler.php(94): CodeIgniter\Database\BaseConnection->initialize()
#1 [internal function]: CodeIgniter\Session\Handlers\DatabaseHandler->open('ci_sessions', 'ci_session')
#2 C:\xampp\htdocs\sgp\main\vendor\codeigniter4\framework\system\Session\Session.php(894): session_start()
#3 C:\xampp\htdocs\sgp\main\vendor\codeigniter4\framework\system\Session\Session.php(238): CodeIgniter\Session\Session->startSession()
#4 C:\xampp\htdocs\sgp\main\vendor\codeigniter4\framework\system\Config\Services.php(577): CodeIgniter\Session\Session->start()
#5 C:\xampp\htdocs\sgp\main\vendor\codeigniter4\framework\system\Config\BaseService.php(248): CodeIgniter\Config\Services::session(Object(Config\App), false)
#6 C:\xampp\htdocs\sgp\main\vendor\codeigniter4\framework\system\Config\BaseService.php(189): CodeIgniter\Config\BaseService::__callStatic('session', Array)
#7 C:\xampp\htdocs\sgp\main\vendor\codeigniter4\framework\system\Config\Services.php(563): CodeIgniter\Config\BaseService::getSharedInstance('session', NULL)
#8 C:\xampp\htdocs\sgp\main\vendor\codeigniter4\framework\system\Config\BaseService.php(248): CodeIgniter\Config\Services::session()
#9 C:\xampp\htdocs\sgp\main\vendor\codeigniter4\framework\system\Common.php(901): CodeIgniter\Config\BaseService::__callStatic('session', Array)
#10 C:\xampp\htdocs\sgp\main\vendor\myth\auth\src\Authentication\AuthenticationBase.php(134): session('logged_in')
#11 C:\xampp\htdocs\sgp\main\vendor\myth\auth\src\Collectors\Auth.php(64): Myth\Auth\Authentication\AuthenticationBase->isLoggedIn()
#12 C:\xampp\htdocs\sgp\main\vendor\codeigniter4\framework\system\Debug\Toolbar\Collectors\BaseCollector.php(224): Myth\Auth\Collectors\Auth->display()
#13 C:\xampp\htdocs\sgp\main\vendor\codeigniter4\framework\system\Debug\Toolbar.php(90): CodeIgniter\Debug\Toolbar\Collectors\BaseCollector->getAsArray()
#14 C:\xampp\htdocs\sgp\main\vendor\codeigniter4\framework\system\Debug\Toolbar.php(368): CodeIgniter\Debug\Toolbar->run(1646167433.7754, 0.0759, Object(CodeIgniter\HTTP\IncomingRequest), Object(CodeIgniter\HTTP\Response))
#15 C:\xampp\htdocs\sgp\main\vendor\codeigniter4\framework\system\Filters\DebugToolbar.php(40): CodeIgniter\Debug\Toolbar->prepare(Object(CodeIgniter\HTTP\IncomingRequest), Object(CodeIgniter\HTTP\Response))
#16 C:\xampp\htdocs\sgp\main\vendor\codeigniter4\framework\system\Filters\Filters.php(196): CodeIgniter\Filters\DebugToolbar->after(Object(CodeIgniter\HTTP\IncomingRequest), Object(CodeIgniter\HTTP\Response), NULL)
#17 C:\xampp\htdocs\sgp\main\vendor\codeigniter4\framework\system\CodeIgniter.php(436): CodeIgniter\Filters\Filters->run('/', 'after')
#18 C:\xampp\htdocs\sgp\main\vendor\codeigniter4\framework\system\CodeIgniter.php(326): CodeIgniter\CodeIgniter->handleRequest(NULL, Object(Config\Cache), false)
#19 C:\xampp\htdocs\sgp\public\index.php(37): CodeIgniter\CodeIgniter->run()
#20 {main}
CRITICAL - 2022-03-01 15:46:38 --> No tens los permisos necesarios para poder acceder a esta pgina.
#0 C:\xampp\htdocs\sgp\main\vendor\codeigniter4\framework\system\Filters\Filters.php(173): Myth\Auth\Filters\RoleFilter->before(Object(CodeIgniter\HTTP\IncomingRequest), Array)
#1 C:\xampp\htdocs\sgp\main\vendor\codeigniter4\framework\system\CodeIgniter.php(393): CodeIgniter\Filters\Filters->run('admin/lista-de-...', 'before')
#2 C:\xampp\htdocs\sgp\main\vendor\codeigniter4\framework\system\CodeIgniter.php(326): CodeIgniter\CodeIgniter->handleRequest(NULL, Object(Config\Cache), false)
#3 C:\xampp\htdocs\sgp\public\index.php(37): CodeIgniter\CodeIgniter->run()
#4 {main}
CRITICAL - 2022-03-01 15:46:56 --> No tens los permisos necesarios para poder acceder a esta pgina.
#0 C:\xampp\htdocs\sgp\main\vendor\codeigniter4\framework\system\Filters\Filters.php(173): Myth\Auth\Filters\RoleFilter->before(Object(CodeIgniter\HTTP\IncomingRequest), Array)
#1 C:\xampp\htdocs\sgp\main\vendor\codeigniter4\framework\system\CodeIgniter.php(393): CodeIgniter\Filters\Filters->run('admin/lista-de-...', 'before')
#2 C:\xampp\htdocs\sgp\main\vendor\codeigniter4\framework\system\CodeIgniter.php(326): CodeIgniter\CodeIgniter->handleRequest(NULL, Object(Config\Cache), false)
#3 C:\xampp\htdocs\sgp\public\index.php(37): CodeIgniter\CodeIgniter->run()
#4 {main}
CRITICAL - 2022-03-01 15:47:04 --> No tens los permisos necesarios para poder acceder a esta pgina.
#0 C:\xampp\htdocs\sgp\main\vendor\codeigniter4\framework\system\Filters\Filters.php(173): Myth\Auth\Filters\RoleFilter->before(Object(CodeIgniter\HTTP\IncomingRequest), Array)
#1 C:\xampp\htdocs\sgp\main\vendor\codeigniter4\framework\system\CodeIgniter.php(393): CodeIgniter\Filters\Filters->run('admin/lista-de-...', 'before')
#2 C:\xampp\htdocs\sgp\main\vendor\codeigniter4\framework\system\CodeIgniter.php(326): CodeIgniter\CodeIgniter->handleRequest(NULL, Object(Config\Cache), false)
#3 C:\xampp\htdocs\sgp\public\index.php(37): CodeIgniter\CodeIgniter->run()
#4 {main}
CRITICAL - 2022-03-01 16:13:29 --> No tens los permisos necesarios para poder acceder a esta pgina.
#0 C:\xampp\htdocs\sgp\main\vendor\codeigniter4\framework\system\Filters\Filters.php(173): Myth\Auth\Filters\RoleFilter->before(Object(CodeIgniter\HTTP\IncomingRequest), Array)
#1 C:\xampp\htdocs\sgp\main\vendor\codeigniter4\framework\system\CodeIgniter.php(393): CodeIgniter\Filters\Filters->run('admin/lista-de-...', 'before')
#2 C:\xampp\htdocs\sgp\main\vendor\codeigniter4\framework\system\CodeIgniter.php(326): CodeIgniter\CodeIgniter->handleRequest(NULL, Object(Config\Cache), false)
#3 C:\xampp\htdocs\sgp\public\index.php(37): CodeIgniter\CodeIgniter->run()
#4 {main}
CRITICAL - 2022-03-01 16:14:14 --> No tens los permisos necesarios para poder acceder a esta pgina.
#0 C:\xampp\htdocs\sgp\main\vendor\codeigniter4\framework\system\Filters\Filters.php(173): Myth\Auth\Filters\RoleFilter->before(Object(CodeIgniter\HTTP\IncomingRequest), Array)
#1 C:\xampp\htdocs\sgp\main\vendor\codeigniter4\framework\system\CodeIgniter.php(393): CodeIgniter\Filters\Filters->run('admin/lista-de-...', 'before')
#2 C:\xampp\htdocs\sgp\main\vendor\codeigniter4\framework\system\CodeIgniter.php(326): CodeIgniter\CodeIgniter->handleRequest(NULL, Object(Config\Cache), false)
#3 C:\xampp\htdocs\sgp\public\index.php(37): CodeIgniter\CodeIgniter->run()
#4 {main}
CRITICAL - 2022-03-01 17:01:07 --> Invalid file: App\Views	emplates\layout.php
#0 C:\xampp\htdocs\sgp\main\vendor\codeigniter4\framework\system\View\View.php(198): CodeIgniter\Exceptions\FrameworkException::forInvalidFile('App\\Views\templa...')
#1 C:\xampp\htdocs\sgp\main\vendor\codeigniter4\framework\system\View\View.php(226): CodeIgniter\View\View->render('App\\Views\templa...', Array, true)
#2 C:\xampp\htdocs\sgp\main\vendor\codeigniter4\framework\system\Common.php(1089): CodeIgniter\View\View->render('User/user_list', Array, true)
#3 C:\xampp\htdocs\sgp\main\app\Controllers\Admin\UserController.php(11): view('User/user_list')
#4 C:\xampp\htdocs\sgp\main\vendor\codeigniter4\framework\system\CodeIgniter.php(832): App\Controllers\Admin\UserController->index()
#5 C:\xampp\htdocs\sgp\main\vendor\codeigniter4\framework\system\CodeIgniter.php(419): CodeIgniter\CodeIgniter->runController(Object(App\Controllers\Admin\UserController))
#6 C:\xampp\htdocs\sgp\main\vendor\codeigniter4\framework\system\CodeIgniter.php(326): CodeIgniter\CodeIgniter->handleRequest(NULL, Object(Config\Cache), false)
#7 C:\xampp\htdocs\sgp\public\index.php(37): CodeIgniter\CodeIgniter->run()
#8 {main}
CRITICAL - 2022-03-01 17:01:28 --> Invalid file: App\Views	emplates\layout.php
#0 C:\xampp\htdocs\sgp\main\vendor\codeigniter4\framework\system\View\View.php(198): CodeIgniter\Exceptions\FrameworkException::forInvalidFile('App\\Views\templa...')
#1 C:\xampp\htdocs\sgp\main\vendor\codeigniter4\framework\system\View\View.php(226): CodeIgniter\View\View->render('App\\Views\templa...', Array, true)
#2 C:\xampp\htdocs\sgp\main\vendor\codeigniter4\framework\system\Common.php(1089): CodeIgniter\View\View->render('User/user_list', Array, true)
#3 C:\xampp\htdocs\sgp\main\app\Controllers\Admin\UserController.php(11): view('User/user_list')
#4 C:\xampp\htdocs\sgp\main\vendor\codeigniter4\framework\system\CodeIgniter.php(832): App\Controllers\Admin\UserController->index()
#5 C:\xampp\htdocs\sgp\main\vendor\codeigniter4\framework\system\CodeIgniter.php(419): CodeIgniter\CodeIgniter->runController(Object(App\Controllers\Admin\UserController))
#6 C:\xampp\htdocs\sgp\main\vendor\codeigniter4\framework\system\CodeIgniter.php(326): CodeIgniter\CodeIgniter->handleRequest(NULL, Object(Config\Cache), false)
#7 C:\xampp\htdocs\sgp\public\index.php(37): CodeIgniter\CodeIgniter->run()
#8 {main}
CRITICAL - 2022-03-01 17:01:37 --> Invalid file: App\Views\layout.php
#0 C:\xampp\htdocs\sgp\main\vendor\codeigniter4\framework\system\View\View.php(198): CodeIgniter\Exceptions\FrameworkException::forInvalidFile('App\\Views\\layou...')
#1 C:\xampp\htdocs\sgp\main\vendor\codeigniter4\framework\system\View\View.php(226): CodeIgniter\View\View->render('App\\Views\\layou...', Array, true)
#2 C:\xampp\htdocs\sgp\main\vendor\codeigniter4\framework\system\Common.php(1089): CodeIgniter\View\View->render('User/user_list', Array, true)
#3 C:\xampp\htdocs\sgp\main\app\Controllers\Admin\UserController.php(11): view('User/user_list')
#4 C:\xampp\htdocs\sgp\main\vendor\codeigniter4\framework\system\CodeIgniter.php(832): App\Controllers\Admin\UserController->index()
#5 C:\xampp\htdocs\sgp\main\vendor\codeigniter4\framework\system\CodeIgniter.php(419): CodeIgniter\CodeIgniter->runController(Object(App\Controllers\Admin\UserController))
#6 C:\xampp\htdocs\sgp\main\vendor\codeigniter4\framework\system\CodeIgniter.php(326): CodeIgniter\CodeIgniter->handleRequest(NULL, Object(Config\Cache), false)
#7 C:\xampp\htdocs\sgp\public\index.php(37): CodeIgniter\CodeIgniter->run()
#8 {main}
CRITICAL - 2022-03-01 17:01:51 --> Invalid file: App\Views\layout\layout.php
#0 C:\xampp\htdocs\sgp\main\vendor\codeigniter4\framework\system\View\View.php(198): CodeIgniter\Exceptions\FrameworkException::forInvalidFile('App\\Views\\layou...')
#1 C:\xampp\htdocs\sgp\main\vendor\codeigniter4\framework\system\View\View.php(226): CodeIgniter\View\View->render('App\\Views\\layou...', Array, true)
#2 C:\xampp\htdocs\sgp\main\vendor\codeigniter4\framework\system\Common.php(1089): CodeIgniter\View\View->render('User/user_list', Array, true)
#3 C:\xampp\htdocs\sgp\main\app\Controllers\Admin\UserController.php(11): view('User/user_list')
#4 C:\xampp\htdocs\sgp\main\vendor\codeigniter4\framework\system\CodeIgniter.php(832): App\Controllers\Admin\UserController->index()
#5 C:\xampp\htdocs\sgp\main\vendor\codeigniter4\framework\system\CodeIgniter.php(419): CodeIgniter\CodeIgniter->runController(Object(App\Controllers\Admin\UserController))
#6 C:\xampp\htdocs\sgp\main\vendor\codeigniter4\framework\system\CodeIgniter.php(326): CodeIgniter\CodeIgniter->handleRequest(NULL, Object(Config\Cache), false)
#7 C:\xampp\htdocs\sgp\public\index.php(37): CodeIgniter\CodeIgniter->run()
#8 {main}
CRITICAL - 2022-03-01 17:02:00 --> Invalid file: App\Views	emplates\layout.php
#0 C:\xampp\htdocs\sgp\main\vendor\codeigniter4\framework\system\View\View.php(198): CodeIgniter\Exceptions\FrameworkException::forInvalidFile('App\\Views\templa...')
#1 C:\xampp\htdocs\sgp\main\vendor\codeigniter4\framework\system\View\View.php(226): CodeIgniter\View\View->render('App\\Views\templa...', Array, true)
#2 C:\xampp\htdocs\sgp\main\vendor\codeigniter4\framework\system\Common.php(1089): CodeIgniter\View\View->render('User/user_list', Array, true)
#3 C:\xampp\htdocs\sgp\main\app\Controllers\Admin\UserController.php(11): view('User/user_list')
#4 C:\xampp\htdocs\sgp\main\vendor\codeigniter4\framework\system\CodeIgniter.php(832): App\Controllers\Admin\UserController->index()
#5 C:\xampp\htdocs\sgp\main\vendor\codeigniter4\framework\system\CodeIgniter.php(419): CodeIgniter\CodeIgniter->runController(Object(App\Controllers\Admin\UserController))
#6 C:\xampp\htdocs\sgp\main\vendor\codeigniter4\framework\system\CodeIgniter.php(326): CodeIgniter\CodeIgniter->handleRequest(NULL, Object(Config\Cache), false)
#7 C:\xampp\htdocs\sgp\public\index.php(37): CodeIgniter\CodeIgniter->run()
#8 {main}
CRITICAL - 2022-03-01 17:32:27 --> Invalid file: App\Views\_sideNav.php
#0 C:\xampp\htdocs\sgp\main\vendor\codeigniter4\framework\system\View\View.php(198): CodeIgniter\Exceptions\FrameworkException::forInvalidFile('App\\Views\\_side...')
#1 C:\xampp\htdocs\sgp\main\vendor\codeigniter4\framework\system\Common.php(1089): CodeIgniter\View\View->render('App\\Views\\_side...', Array, true)
#2 C:\xampp\htdocs\sgp\main\app\Views\layout.php(191): view('App\\Views\\_side...')
#3 C:\xampp\htdocs\sgp\main\vendor\codeigniter4\framework\system\View\View.php(210): include('C:\\xampp\\htdocs...')
#4 C:\xampp\htdocs\sgp\main\vendor\codeigniter4\framework\system\View\View.php(213): CodeIgniter\View\View->CodeIgniter\View\{closure}()
#5 C:\xampp\htdocs\sgp\main\vendor\codeigniter4\framework\system\View\View.php(226): CodeIgniter\View\View->render('App\\Views\\layou...', Array, true)
#6 C:\xampp\htdocs\sgp\main\vendor\codeigniter4\framework\system\Common.php(1089): CodeIgniter\View\View->render('User/user_list', Array, true)
#7 C:\xampp\htdocs\sgp\main\app\Controllers\Admin\UserController.php(11): view('User/user_list')
#8 C:\xampp\htdocs\sgp\main\vendor\codeigniter4\framework\system\CodeIgniter.php(832): App\Controllers\Admin\UserController->index()
#9 C:\xampp\htdocs\sgp\main\vendor\codeigniter4\framework\system\CodeIgniter.php(419): CodeIgniter\CodeIgniter->runController(Object(App\Controllers\Admin\UserController))
#10 C:\xampp\htdocs\sgp\main\vendor\codeigniter4\framework\system\CodeIgniter.php(326): CodeIgniter\CodeIgniter->handleRequest(NULL, Object(Config\Cache), false)
#11 C:\xampp\htdocs\sgp\public\index.php(37): CodeIgniter\CodeIgniter->run()
#12 {main}
CRITICAL - 2022-03-01 18:08:31 --> Invalid file: App\Views\_header1.php
#0 C:\xampp\htdocs\sgp\main\vendor\codeigniter4\framework\system\View\View.php(198): CodeIgniter\Exceptions\FrameworkException::forInvalidFile('App\\Views\\_head...')
#1 C:\xampp\htdocs\sgp\main\vendor\codeigniter4\framework\system\Common.php(1089): CodeIgniter\View\View->render('App\\Views\\_head...', Array, true)
#2 C:\xampp\htdocs\sgp\main\app\Views\layout.php(38): view('App\\Views\\_head...')
#3 C:\xampp\htdocs\sgp\main\vendor\codeigniter4\framework\system\View\View.php(210): include('C:\\xampp\\htdocs...')
#4 C:\xampp\htdocs\sgp\main\vendor\codeigniter4\framework\system\View\View.php(213): CodeIgniter\View\View->CodeIgniter\View\{closure}()
#5 C:\xampp\htdocs\sgp\main\vendor\codeigniter4\framework\system\View\View.php(226): CodeIgniter\View\View->render('App\\Views\\layou...', Array, true)
#6 C:\xampp\htdocs\sgp\main\vendor\codeigniter4\framework\system\Common.php(1089): CodeIgniter\View\View->render('User/user_list', Array, true)
#7 C:\xampp\htdocs\sgp\main\app\Controllers\Admin\UserController.php(11): view('User/user_list')
#8 C:\xampp\htdocs\sgp\main\vendor\codeigniter4\framework\system\CodeIgniter.php(832): App\Controllers\Admin\UserController->index()
#9 C:\xampp\htdocs\sgp\main\vendor\codeigniter4\framework\system\CodeIgniter.php(419): CodeIgniter\CodeIgniter->runController(Object(App\Controllers\Admin\UserController))
#10 C:\xampp\htdocs\sgp\main\vendor\codeigniter4\framework\system\CodeIgniter.php(326): CodeIgniter\CodeIgniter->handleRequest(NULL, Object(Config\Cache), false)
#11 C:\xampp\htdocs\sgp\public\index.php(37): CodeIgniter\CodeIgniter->run()
#12 {main}
